2025-08-24 14:33:39,523 INFO  [org.jboss.modules] (main) JBoss Modules version 2.0.2.Final
2025-08-24 14:33:39,854 INFO  [org.jboss.msc] (main) JBoss MSC version 1.4.13.Final
2025-08-24 14:33:39,864 INFO  [org.jboss.threads] (main) JBoss Threads version 2.4.0.Final
2025-08-24 14:33:39,968 INFO  [org.jboss.as] (MSC service thread 1-3) WFLYSRV0049: WildFly Full 26.1.3.Final (WildFly Core 18.1.2.Final) starting
2025-08-24 14:33:39,970 DEBUG [org.jboss.as.config] (MSC service thread 1-3) Configured system properties:
	[Standalone] = 
	awt.toolkit = sun.awt.X11.XToolkit
	file.encoding = UTF-8
	file.encoding.pkg = sun.io
	file.separator = /
	java.awt.graphicsenv = sun.awt.X11GraphicsEnvironment
	java.awt.headless = true
	java.awt.printerjob = sun.print.PSPrinterJob
	java.class.path = /work/report/ant_to_maven/wildfly-26.1.3.Final/jboss-modules.jar
	java.class.version = 52.0
	java.endorsed.dirs = /usr/lib/jvm/jdk1.8.0_202/jre/lib/endorsed
	java.ext.dirs = /usr/lib/jvm/jdk1.8.0_202/jre/lib/ext:/usr/java/packages/lib/ext
	java.home = /usr/lib/jvm/jdk1.8.0_202/jre
	java.io.tmpdir = /tmp
	java.library.path = /usr/java/packages/lib/amd64:/usr/lib64:/lib64:/lib:/usr/lib
	java.net.preferIPv4Stack = true
	java.runtime.name = Java(TM) SE Runtime Environment
	java.runtime.version = 1.8.0_202-b08
	java.specification.name = Java Platform API Specification
	java.specification.vendor = Oracle Corporation
	java.specification.version = 1.8
	java.util.logging.manager = org.jboss.logmanager.LogManager
	java.vendor = Oracle Corporation
	java.vendor.url = http://java.oracle.com/
	java.vendor.url.bug = http://bugreport.sun.com/bugreport/
	java.version = 1.8.0_202
	java.vm.info = mixed mode
	java.vm.name = Java HotSpot(TM) 64-Bit Server VM
	java.vm.specification.name = Java Virtual Machine Specification
	java.vm.specification.vendor = Oracle Corporation
	java.vm.specification.version = 1.8
	java.vm.vendor = Oracle Corporation
	java.vm.version = 25.202-b08
	javax.management.builder.initial = org.jboss.as.jmx.PluggableMBeanServerBuilder
	jboss.bind.address = 0.0.0.0
	jboss.home.dir = /work/report/ant_to_maven/wildfly-26.1.3.Final
	jboss.host.name = isida-85
	jboss.modules.dir = /work/report/ant_to_maven/wildfly-26.1.3.Final/modules
	jboss.modules.system.pkgs = org.jboss.byteman
	jboss.node.name = isida-85
	jboss.qualified.host.name = isida-85
	jboss.server.base.dir = /work/report/ant_to_maven/wildfly-26.1.3.Final/standalone
	jboss.server.config.dir = /work/report/ant_to_maven/wildfly-26.1.3.Final/standalone/configuration
	jboss.server.data.dir = /work/report/ant_to_maven/wildfly-26.1.3.Final/standalone/data
	jboss.server.deploy.dir = /work/report/ant_to_maven/wildfly-26.1.3.Final/standalone/data/content
	jboss.server.log.dir = /work/report/ant_to_maven/wildfly-26.1.3.Final/standalone/log
	jboss.server.name = isida-85
	jboss.server.persist.config = true
	jboss.server.temp.dir = /work/report/ant_to_maven/wildfly-26.1.3.Final/standalone/tmp
	line.separator = 

	logging.configuration = file:/work/report/ant_to_maven/wildfly-26.1.3.Final/standalone/configuration/logging.properties
	module.path = /work/report/ant_to_maven/wildfly-26.1.3.Final/modules
	org.jboss.boot.log.file = /work/report/ant_to_maven/wildfly-26.1.3.Final/standalone/log/server.log
	org.jboss.resolver.warning = true
	os.arch = amd64
	os.name = Linux
	os.version = 6.14.0-28-generic
	path.separator = :
	sun.arch.data.model = 64
	sun.boot.class.path = /usr/lib/jvm/jdk1.8.0_202/jre/lib/resources.jar:/usr/lib/jvm/jdk1.8.0_202/jre/lib/rt.jar:/usr/lib/jvm/jdk1.8.0_202/jre/lib/sunrsasign.jar:/usr/lib/jvm/jdk1.8.0_202/jre/lib/jsse.jar:/usr/lib/jvm/jdk1.8.0_202/jre/lib/jce.jar:/usr/lib/jvm/jdk1.8.0_202/jre/lib/charsets.jar:/usr/lib/jvm/jdk1.8.0_202/jre/lib/jfr.jar:/usr/lib/jvm/jdk1.8.0_202/jre/classes
	sun.boot.library.path = /usr/lib/jvm/jdk1.8.0_202/jre/lib/amd64
	sun.cpu.endian = little
	sun.cpu.isalist = 
	sun.desktop = gnome
	sun.io.unicode.encoding = UnicodeLittle
	sun.java.command = /work/report/ant_to_maven/wildfly-26.1.3.Final/jboss-modules.jar -mp /work/report/ant_to_maven/wildfly-26.1.3.Final/modules org.jboss.as.standalone -Djboss.home.dir=/work/report/ant_to_maven/wildfly-26.1.3.Final -Djboss.server.base.dir=/work/report/ant_to_maven/wildfly-26.1.3.Final/standalone -b=0.0.0.0
	sun.java.launcher = SUN_STANDARD
	sun.jnu.encoding = UTF-8
	sun.management.compiler = HotSpot 64-Bit Tiered Compilers
	sun.os.patch.level = unknown
	user.country = RU
	user.dir = /work/report/ant_to_maven/wildfly-26.1.3.Final/serverstart
	user.home = /home/khodyko
	user.language = ru
	user.name = khodyko
	user.timezone = Europe/Minsk
2025-08-24 14:33:39,971 DEBUG [org.jboss.as.config] (MSC service thread 1-3) VM Arguments: -D[Standalone] -Xms64m -Xmx512m -XX:MetaspaceSize=96M -XX:MaxMetaspaceSize=256m -Djava.net.preferIPv4Stack=true -Djboss.modules.system.pkgs=org.jboss.byteman -Djava.awt.headless=true -agentlib:jdwp=transport=dt_socket,address=8787,server=y,suspend=n -Dorg.jboss.boot.log.file=/work/report/ant_to_maven/wildfly-26.1.3.Final/standalone/log/server.log -Dlogging.configuration=file:/work/report/ant_to_maven/wildfly-26.1.3.Final/standalone/configuration/logging.properties 
2025-08-24 14:33:40,596 INFO  [org.wildfly.security] (ServerService Thread Pool -- 25) ELY00001: WildFly Elytron version 1.19.1.Final
2025-08-24 14:33:41,418 INFO  [org.jboss.as.repository] (ServerService Thread Pool -- 31) WFLYDR0001: Content added at location /work/report/ant_to_maven/wildfly-26.1.3.Final/standalone/data/content/a9/81f5fdb31b0cc82b9e05cf7f2d071634d85036/content
2025-08-24 14:33:41,459 INFO  [org.jboss.as.server] (Controller Boot Thread) WFLYSRV0039: Creating http management service using socket-binding (management-http)
2025-08-24 14:33:41,477 INFO  [org.xnio] (MSC service thread 1-6) XNIO version 3.8.7.Final
2025-08-24 14:33:41,490 INFO  [org.xnio.nio] (MSC service thread 1-6) XNIO NIO Implementation Version 3.8.7.Final
2025-08-24 14:33:41,538 INFO  [org.wildfly.extension.elytron.oidc._private] (ServerService Thread Pool -- 52) WFLYOIDC0001: Activating WildFly Elytron OIDC Subsystem
2025-08-24 14:33:41,541 INFO  [org.wildfly.extension.health] (ServerService Thread Pool -- 53) WFLYHEALTH0001: Activating Base Health Subsystem
2025-08-24 14:33:41,554 INFO  [org.jboss.as.jaxrs] (ServerService Thread Pool -- 56) WFLYRS0016: RESTEasy version 4.7.7.Final
2025-08-24 14:33:41,555 INFO  [org.wildfly.extension.io] (ServerService Thread Pool -- 55) WFLYIO001: Worker 'default' has auto-configured to 8 IO threads with 64 max task threads based on your 4 available processors
2025-08-24 14:33:41,569 INFO  [org.jboss.as.jsf] (ServerService Thread Pool -- 61) WFLYJSF0007: Activated the following Jakarta Server Faces Implementations: [main]
2025-08-24 14:33:41,571 WARN  [org.jboss.as.txn] (ServerService Thread Pool -- 74) WFLYTX0013: The node-identifier attribute on the /subsystem=transactions is set to the default value. This is a danger for environments running multiple servers. Please make sure the attribute value is unique.
2025-08-24 14:33:41,576 INFO  [org.wildfly.extension.microprofile.jwt.smallrye] (ServerService Thread Pool -- 65) WFLYJWT0001: Activating MicroProfile JWT Subsystem
2025-08-24 14:33:41,587 INFO  [org.wildfly.extension.microprofile.config.smallrye] (ServerService Thread Pool -- 64) WFLYCONF0001: Activating MicroProfile Config Subsystem
2025-08-24 14:33:41,589 INFO  [org.jboss.as.naming] (ServerService Thread Pool -- 67) WFLYNAM0001: Activating Naming Subsystem
2025-08-24 14:33:41,601 INFO  [org.jboss.as.webservices] (ServerService Thread Pool -- 76) WFLYWS0002: Activating WebServices Extension
2025-08-24 14:33:41,607 INFO  [org.wildfly.extension.microprofile.opentracing] (ServerService Thread Pool -- 66) WFLYTRACEXT0001: Activating MicroProfile OpenTracing Subsystem
2025-08-24 14:33:41,624 INFO  [org.jboss.as.clustering.infinispan] (ServerService Thread Pool -- 54) WFLYCLINF0001: Activating Infinispan subsystem.
2025-08-24 14:33:41,633 INFO  [org.jboss.as.naming] (MSC service thread 1-7) WFLYNAM0003: Starting Naming Service
2025-08-24 14:33:41,648 INFO  [org.jboss.as.mail.extension] (MSC service thread 1-6) WFLYMAIL0001: Bound mail session [java:jboss/mail/Default]
2025-08-24 14:33:41,660 INFO  [org.jboss.remoting] (MSC service thread 1-4) JBoss Remoting version 5.0.25.Final
2025-08-24 14:33:41,666 INFO  [org.jboss.as.connector] (MSC service thread 1-3) WFLYJCA0009: Starting Jakarta Connectors Subsystem (WildFly/IronJacamar 1.5.3.Final)
2025-08-24 14:33:41,716 INFO  [org.wildfly.extension.metrics] (ServerService Thread Pool -- 63) WFLYMETRICS0001: Activating Base Metrics Subsystem
2025-08-24 14:33:41,746 INFO  [org.wildfly.extension.undertow] (MSC service thread 1-7) WFLYUT0003: Undertow 2.2.19.Final starting
2025-08-24 14:33:41,751 INFO  [org.jboss.as.connector.subsystems.datasources] (ServerService Thread Pool -- 44) WFLYJCA0004: Deploying JDBC-compliant driver class org.h2.Driver (version 1.4)
2025-08-24 14:33:41,760 INFO  [org.jboss.as.connector.deployers.jdbc] (MSC service thread 1-7) WFLYJCA0018: Started Driver service with driver-name = h2
2025-08-24 14:33:41,999 INFO  [org.jboss.as.ejb3] (MSC service thread 1-5) WFLYEJB0482: Strict pool mdb-strict-max-pool is using a max instance size of 16 (per class), which is derived from the number of CPUs on this host.
2025-08-24 14:33:42,000 INFO  [org.jboss.as.ejb3] (MSC service thread 1-6) WFLYEJB0481: Strict pool slsb-strict-max-pool is using a max instance size of 64 (per class), which is derived from thread worker pool sizing.
2025-08-24 14:33:42,013 WARN  [org.wildfly.extension.elytron] (MSC service thread 1-7) WFLYELY00023: KeyStore file '/work/report/ant_to_maven/wildfly-26.1.3.Final/standalone/configuration/application.keystore' does not exist. Used blank.
2025-08-24 14:33:42,026 WARN  [org.wildfly.extension.elytron] (MSC service thread 1-5) WFLYELY01084: KeyStore /work/report/ant_to_maven/wildfly-26.1.3.Final/standalone/configuration/application.keystore not found, it will be auto generated on first use with a self-signed certificate for host localhost
2025-08-24 14:33:42,096 INFO  [org.wildfly.extension.undertow] (ServerService Thread Pool -- 75) WFLYUT0014: Creating file handler for path '/work/report/ant_to_maven/wildfly-26.1.3.Final/welcome-content' with options [directory-listing: 'false', follow-symlink: 'false', case-sensitive: 'true', safe-symlink-paths: '[]']
2025-08-24 14:33:42,107 INFO  [org.wildfly.extension.undertow] (MSC service thread 1-7) WFLYUT0012: Started server default-server.
2025-08-24 14:33:42,110 INFO  [org.wildfly.extension.undertow] (MSC service thread 1-8) Queuing requests.
2025-08-24 14:33:42,111 INFO  [org.wildfly.extension.undertow] (MSC service thread 1-8) WFLYUT0018: Host default-host starting
2025-08-24 14:33:42,212 INFO  [org.wildfly.extension.undertow] (MSC service thread 1-4) WFLYUT0006: Undertow HTTP listener default listening on 0.0.0.0:8080
2025-08-24 14:33:42,259 INFO  [org.jboss.as.ejb3] (MSC service thread 1-8) WFLYEJB0493: Jakarta Enterprise Beans subsystem suspension complete
2025-08-24 14:33:42,334 INFO  [org.wildfly.extension.undertow] (MSC service thread 1-6) WFLYUT0006: Undertow HTTPS listener https listening on 0.0.0.0:8443
2025-08-24 14:33:42,355 INFO  [org.jboss.as.connector.subsystems.datasources] (MSC service thread 1-6) WFLYJCA0001: Bound data source [java:jboss/datasources/ExampleDS]
2025-08-24 14:33:42,436 INFO  [org.jboss.as.patching] (MSC service thread 1-8) WFLYPAT0050: WildFly Full cumulative patch ID is: base, one-off patches include: none
2025-08-24 14:33:42,457 INFO  [org.jboss.as.server.deployment.scanner] (MSC service thread 1-7) WFLYDS0013: Started FileSystemDeploymentService for directory /work/report/ant_to_maven/wildfly-26.1.3.Final/standalone/deployments
2025-08-24 14:33:42,464 INFO  [org.jboss.as.server.deployment] (MSC service thread 1-2) WFLYSRV0027: Starting deployment of "modules_anttest_reader.ear" (runtime-name: "modules_anttest_reader.ear")
2025-08-24 14:33:42,509 INFO  [org.jboss.ws.common.management] (MSC service thread 1-6) JBWS022052: Starting JBossWS 5.5.0.Final (Apache CXF 3.4.10) 
2025-08-24 14:33:42,600 INFO  [org.jboss.as.server.deployment] (MSC service thread 1-8) WFLYSRV0207: Starting subdeployment (runtime-name: "modules_anttest_reader_web.war")
2025-08-24 14:33:42,600 INFO  [org.jboss.as.server.deployment] (MSC service thread 1-1) WFLYSRV0207: Starting subdeployment (runtime-name: "modules_anttest_reader_ejb.jar")
2025-08-24 14:33:42,999 INFO  [org.jboss.weld.deployer] (MSC service thread 1-4) WFLYWELD0003: Processing weld deployment modules_anttest_reader.ear
2025-08-24 14:33:43,079 INFO  [org.hibernate.validator.internal.util.Version] (MSC service thread 1-4) HV000001: Hibernate Validator 6.0.23.Final
2025-08-24 14:33:43,301 INFO  [org.jboss.weld.deployer] (MSC service thread 1-4) WFLYWELD0003: Processing weld deployment modules_anttest_reader_web.war
2025-08-24 14:33:43,306 INFO  [org.jboss.weld.deployer] (MSC service thread 1-8) WFLYWELD0003: Processing weld deployment modules_anttest_reader_ejb.jar
2025-08-24 14:33:43,332 INFO  [org.jboss.as.ejb3.deployment] (MSC service thread 1-8) WFLYEJB0473: JNDI bindings for session bean named 'RandomWordGenerator' in deployment unit 'subdeployment "modules_anttest_reader_ejb.jar" of deployment "modules_anttest_reader.ear"' are as follows:

	java:global/modules_anttest_reader/modules_anttest_reader_ejb/RandomWordGenerator!modules.anttest.reader.ejb.RandomWordGeneratorHome
	java:app/modules_anttest_reader_ejb/RandomWordGenerator!modules.anttest.reader.ejb.RandomWordGeneratorHome
	java:module/RandomWordGenerator!modules.anttest.reader.ejb.RandomWordGeneratorHome
	java:jboss/exported/modules_anttest_reader/modules_anttest_reader_ejb/RandomWordGenerator!modules.anttest.reader.ejb.RandomWordGeneratorHome
	java:global/modules_anttest_reader/modules_anttest_reader_ejb/RandomWordGenerator!modules.anttest.reader.ejb.RandomWordGeneratorRemote
	java:app/modules_anttest_reader_ejb/RandomWordGenerator!modules.anttest.reader.ejb.RandomWordGeneratorRemote
	java:module/RandomWordGenerator!modules.anttest.reader.ejb.RandomWordGeneratorRemote
	java:jboss/exported/modules_anttest_reader/modules_anttest_reader_ejb/RandomWordGenerator!modules.anttest.reader.ejb.RandomWordGeneratorRemote
	ejb:modules_anttest_reader/modules_anttest_reader_ejb/RandomWordGenerator!modules.anttest.reader.ejb.RandomWordGeneratorRemote

2025-08-24 14:33:43,403 INFO  [org.wildfly.microprofile.opentracing.smallrye] (MSC service thread 1-8) WFLYTRAC0001: Tracer initialized: NoopTracer
2025-08-24 14:33:43,477 INFO  [io.jaegertracing.internal.JaegerTracer] (MSC service thread 1-4) No shutdown hook registered: Please call close() manually on application shutdown.
2025-08-24 14:33:43,479 INFO  [org.wildfly.microprofile.opentracing.smallrye] (MSC service thread 1-4) WFLYTRAC0001: Tracer initialized: JaegerTracer(version=Java-1.6.0, serviceName=modules_anttest_reader.ear!modules_anttest_reader_web.war, reporter=RemoteReporter(sender=org.wildfly.extension.microprofile.opentracing.spi.sender.WildFlySender@4784bfe4, closeEnqueueTimeout=1000), sampler=RemoteControlledSampler(maxOperations=2000, manager=HttpSamplingManager(hostPort=localhost:5778), sampler=ProbabilisticSampler(tags={sampler.type=probabilistic, sampler.param=0.001})), tags={hostname=isida-85, jaeger.version=Java-1.6.0, ip=127.0.1.1}, zipkinSharedRpcSpan=false, expandExceptionLogs=false, useTraceId128Bit=false)
2025-08-24 14:33:43,560 INFO  [org.jboss.weld.Version] (MSC service thread 1-8) WELD-000900: 3.1.9 (Final)
2025-08-24 14:33:43,934 INFO  [org.infinispan.CONTAINER] (ServerService Thread Pool -- 78) ISPN000128: Infinispan version: Infinispan 'Triskaidekaphobia' 13.0.10.Final
2025-08-24 14:33:44,006 INFO  [org.infinispan.CONTAINER] (ServerService Thread Pool -- 78) ISPN000556: Starting user marshaller 'org.wildfly.clustering.infinispan.spi.marshalling.InfinispanProtoStreamMarshaller'
2025-08-24 14:33:44,353 INFO  [org.infinispan.CONFIG] (MSC service thread 1-1) ISPN000152: Passivation configured without an eviction policy being selected. Only manually evicted entities will be passivated.
2025-08-24 14:33:44,354 INFO  [org.infinispan.CONFIG] (MSC service thread 1-1) ISPN000152: Passivation configured without an eviction policy being selected. Only manually evicted entities will be passivated.
2025-08-24 14:33:44,370 INFO  [org.infinispan.CONTAINER] (ServerService Thread Pool -- 78) ISPN000025: wakeUpInterval is <= 0, not starting expired purge thread
2025-08-24 14:33:44,373 INFO  [org.jboss.as.clustering.infinispan] (ServerService Thread Pool -- 78) WFLYCLINF0002: Started http-remoting-connector cache from ejb container
2025-08-24 14:33:44,951 INFO  [org.wildfly.extension.undertow] (ServerService Thread Pool -- 79) WFLYUT0021: Registered web context: '/modules.anttest' for server 'default-server'
2025-08-24 14:33:45,012 INFO  [org.jboss.as.server] (ServerService Thread Pool -- 45) WFLYSRV0010: Deployed "modules_anttest_reader.ear" (runtime-name : "modules_anttest_reader.ear")
2025-08-24 14:33:45,070 INFO  [org.jboss.as.server] (Controller Boot Thread) WFLYSRV0212: Resuming server
2025-08-24 14:33:45,076 INFO  [org.jboss.as] (Controller Boot Thread) WFLYSRV0025: WildFly Full 26.1.3.Final (WildFly Core 18.1.2.Final) started in 5827ms - Started 550 of 750 services (353 services are lazy, passive or on-demand) - Server configuration file in use: standalone.xml
2025-08-24 14:33:45,077 INFO  [org.jboss.as] (Controller Boot Thread) WFLYSRV0060: Http management interface listening on http://127.0.0.1:9990/management
2025-08-24 14:33:45,077 INFO  [org.jboss.as] (Controller Boot Thread) WFLYSRV0051: Admin console listening on http://127.0.0.1:9990
2025-08-24 14:33:49,888 INFO  [org.jboss.ejb.client] (default task-1) JBoss EJB Client version 4.0.44.Final
2025-08-24 14:43:40,240 INFO  [org.jboss.as.repository] (ServerService Thread Pool -- 41) WFLYDR0009: Content /work/report/ant_to_maven/wildfly-26.1.3.Final/standalone/data/content/10/9898b4ee8d934f31aa624edad5574e071627fb is obsolete and will be removed
2025-08-24 14:43:40,245 INFO  [org.jboss.as.repository] (ServerService Thread Pool -- 41) WFLYDR0002: Content removed from location /work/report/ant_to_maven/wildfly-26.1.3.Final/standalone/data/content/10/9898b4ee8d934f31aa624edad5574e071627fb/content
2025-08-24 14:43:40,246 INFO  [org.jboss.as.repository] (ServerService Thread Pool -- 41) WFLYDR0009: Content /work/report/ant_to_maven/wildfly-26.1.3.Final/standalone/data/content/65/3604547923be774b103d61590097ba127768ed is obsolete and will be removed
2025-08-24 14:43:40,247 INFO  [org.jboss.as.repository] (ServerService Thread Pool -- 41) WFLYDR0002: Content removed from location /work/report/ant_to_maven/wildfly-26.1.3.Final/standalone/data/content/65/3604547923be774b103d61590097ba127768ed/content
2025-08-24 14:43:40,248 INFO  [org.jboss.as.repository] (ServerService Thread Pool -- 41) WFLYDR0009: Content /work/report/ant_to_maven/wildfly-26.1.3.Final/standalone/data/content/6c/81cbae3e6e734f7c3b60e8f0df0506ebf29caf is obsolete and will be removed
2025-08-24 14:43:40,249 INFO  [org.jboss.as.repository] (ServerService Thread Pool -- 41) WFLYDR0002: Content removed from location /work/report/ant_to_maven/wildfly-26.1.3.Final/standalone/data/content/6c/81cbae3e6e734f7c3b60e8f0df0506ebf29caf/content
